Traceback (most recent call last):
  File "d:\programdata\anaconda3\envs\tfcpu\lib\site-packages\jupyter_cache\executors\utils.py", line 58, in single_nb_execution
    executenb(
  File "d:\programdata\anaconda3\envs\tfcpu\lib\site-packages\nbclient\client.py", line 1112, in execute
    return NotebookClient(nb=nb, resources=resources, km=km, **kwargs).execute()
  File "d:\programdata\anaconda3\envs\tfcpu\lib\site-packages\nbclient\util.py", line 74, in wrapped
    return just_run(coro(*args, **kwargs))
  File "d:\programdata\anaconda3\envs\tfcpu\lib\site-packages\nbclient\util.py", line 53, in just_run
    return loop.run_until_complete(coro)
  File "d:\programdata\anaconda3\envs\tfcpu\lib\asyncio\base_events.py", line 616, in run_until_complete
    return future.result()
  File "d:\programdata\anaconda3\envs\tfcpu\lib\site-packages\nbclient\client.py", line 553, in async_execute
    await self.async_execute_cell(
  File "d:\programdata\anaconda3\envs\tfcpu\lib\site-packages\nbclient\client.py", line 857, in async_execute_cell
    self._check_raise_for_error(cell, exec_reply)
  File "d:\programdata\anaconda3\envs\tfcpu\lib\site-packages\nbclient\client.py", line 760, in _check_raise_for_error
    raise CellExecutionError.from_cell_and_msg(cell, exec_reply_content)
nbclient.exceptions.CellExecutionError: An error occurred while executing the following cell:
------------------
import pods
data = pods.datasets.olympic_marathon_men()
x = data['X']
y = data['Y']

X = np.hstack((np.ones_like(x), x)) # [ones(size(x)) x]
w = np.linalg.solve(np.dot(X.T, X), np.dot(X.T, y))

#print("X: ",X[:5])
#print("xTx: ",np.dot(X.T, X))
#print("xTy: ",np.dot(X.T, y))

------------------

[1;31m---------------------------------------------------------------------------[0m
[1;31mModuleNotFoundError[0m                       Traceback (most recent call last)
[1;32m<ipython-input-7-28935bfd4d6f>[0m in [0;36m<module>[1;34m[0m
[1;32m----> 1[1;33m [1;32mimport[0m [0mpods[0m[1;33m[0m[1;33m[0m[0m
[0m[0;32m      2[0m [0mdata[0m [1;33m=[0m [0mpods[0m[1;33m.[0m[0mdatasets[0m[1;33m.[0m[0molympic_marathon_men[0m[1;33m([0m[1;33m)[0m[1;33m[0m[1;33m[0m[0m
[0;32m      3[0m [0mx[0m [1;33m=[0m [0mdata[0m[1;33m[[0m[1;34m'X'[0m[1;33m][0m[1;33m[0m[1;33m[0m[0m
[0;32m      4[0m [0my[0m [1;33m=[0m [0mdata[0m[1;33m[[0m[1;34m'Y'[0m[1;33m][0m[1;33m[0m[1;33m[0m[0m
[0;32m      5[0m [1;33m[0m[0m

[1;31mModuleNotFoundError[0m: No module named 'pods'
ModuleNotFoundError: No module named 'pods'

